============================= test session starts ==============================
platform linux -- Python 3.10.19, pytest-9.0.2, pluggy-1.6.0 -- /opt/hostedtoolcache/Python/3.10.19/x64/bin/python
cachedir: .pytest_cache
rootdir: /home/runner/work/PasswordGenerator/PasswordGenerator
configfile: setup.cfg
plugins: cov-7.0.0
collecting ... collected 12 items

tests/test_password_generator.py::TestPasswordGenerator::test_generate_password_none PASSED [  8%]
tests/test_password_generator.py::TestPasswordGenerator::test_generate_password_four PASSED [ 16%]
tests/test_password_generator.py::TestPasswordGenerator::test_generate_password_eight PASSED [ 25%]
tests/test_password_generator.py::TestPasswordGenerator::test_generate_password_sixteen PASSED [ 33%]
tests/test_password_generator.py::TestPasswordGenerator::test_generate_password_thirtytwo PASSED [ 41%]
tests/test_password_generator.py::TestPasswordGenerator::test_small_letters PASSED [ 50%]
tests/test_password_generator.py::TestPasswordGenerator::test_capital_letters PASSED [ 58%]
tests/test_password_generator.py::TestPasswordGenerator::test_numbers PASSED [ 66%]
tests/test_password_generator.py::TestPasswordGenerator::test_special_characters PASSED [ 75%]
tests/test_password_generator.py::TestPasswordGenerator::test_generate_password_short PASSED [ 83%]
tests/test_password_generator.py::TestPasswordGenerator::test_generate_password_long PASSED [ 91%]
tests/test_password_generator.py::TestPasswordGenerator::test_invalid_type PASSED [100%]

============================== 12 passed in 0.05s ==============================

=== Execution Summary ===
Wed Dec 24 09:19:16 UTC 2025
